<?xml version="1.0" encoding="UTF-8"?><testsuites name="NeoLoadTests">
   <testsuite name="neoload.MyiPhoneUser_Create_report.Actions.Home_Shared">
      <testcase classname="neoload.MyiPhoneUser_Create_report.Actions.Home_Shared" name="Per_Run_Average_Transaction_Response_Time" result="failure">
         <failure type="NeoLoad SLA"> 
Container: Home Shared
Path: User Paths =&gt; MyiPhoneUser_Create_report =&gt; Actions =&gt; Home Shared
Virtual User: MyiPhoneUser_Create_report
SLA Profile: DefaultSLA
SLA Type: Per Run
Alert Type: Average Transaction Response Time
Project: Sample_Project
Scenario: WANImpact Local

Alert description: 

if the
	 Average Transaction Response Time &gt;= 4.0
then
	 fail

Results: 

Average Transaction Response Time = 18.514

Created 2024-08-21 16:00:49 </failure>
      </testcase>
      <testcase classname="neoload.MyiPhoneUser_Create_report.Actions.Home_Shared" name="Per_Time_Interval_Average_Response_Time" result="failure">
         <failure type="NeoLoad SLA"> 
Container: Home Shared
Path: User Paths =&gt; MyiPhoneUser_Create_report =&gt; Actions =&gt; Home Shared
Virtual User: MyiPhoneUser_Create_report
SLA Profile: DefaultSLA
SLA Type: Per Time Interval
Alert Type: Average Response Time
Project: Sample_Project
Scenario: WANImpact Local

Alert description: 

if the
	 Average Response Time &gt;= 4.0
then
	 fail

Results: 

Average Response Time = 21.382

Created 2024-08-21 16:00:49 </failure>
      </testcase>
   </testsuite>
   <testsuite name="neoload.BrowserUser_Create_report.Actions.Home_Shared">
      <testcase classname="neoload.BrowserUser_Create_report.Actions.Home_Shared" name="Per_Run_Average_Transaction_Response_Time" result="failure">
         <failure type="NeoLoad SLA"> 
Container: Home Shared
Path: User Paths =&gt; BrowserUser_Create_report =&gt; Actions =&gt; Home Shared
Virtual User: BrowserUser_Create_report
SLA Profile: DefaultSLA
SLA Type: Per Run
Alert Type: Average Transaction Response Time
Project: Sample_Project
Scenario: WANImpact Local

Alert description: 

if the
	 Average Transaction Response Time &gt;= 4.0
then
	 fail

Results: 

Average Transaction Response Time = 17.715

Created 2024-08-21 16:00:49 </failure>
      </testcase>
      <testcase classname="neoload.BrowserUser_Create_report.Actions.Home_Shared" name="Per_Time_Interval_Average_Response_Time" result="failure">
         <failure type="NeoLoad SLA"> 
Container: Home Shared
Path: User Paths =&gt; BrowserUser_Create_report =&gt; Actions =&gt; Home Shared
Virtual User: BrowserUser_Create_report
SLA Profile: DefaultSLA
SLA Type: Per Time Interval
Alert Type: Average Response Time
Project: Sample_Project
Scenario: WANImpact Local

Alert description: 

if the
	 Average Response Time &gt;= 4.0
then
	 fail

Results: 

Average Response Time = 18.596

Created 2024-08-21 16:00:49 </failure>
      </testcase>
   </testsuite>
   <testsuite name="neoload.BrowserUser_Create_report.Actions.submit_report">
      <testcase classname="neoload.BrowserUser_Create_report.Actions.submit_report" name="Per_Run_Average_Transaction_Response_Time" result="failure">
         <failure type="NeoLoad SLA"> 
Container: submit report
Path: User Paths =&gt; BrowserUser_Create_report =&gt; Actions =&gt; submit report
Virtual User: BrowserUser_Create_report
SLA Profile: DefaultSLA
SLA Type: Per Run
Alert Type: Average Transaction Response Time
Project: Sample_Project
Scenario: WANImpact Local

Alert description: 

if the
	 Average Transaction Response Time &gt;= 4.0
then
	 fail

Results: 

Average Transaction Response Time = 9.666

Created 2024-08-21 16:00:49 </failure>
      </testcase>
      <testcase classname="neoload.BrowserUser_Create_report.Actions.submit_report" name="Per_Time_Interval_Average_Response_Time" result="failure">
         <failure type="NeoLoad SLA"> 
Container: submit report
Path: User Paths =&gt; BrowserUser_Create_report =&gt; Actions =&gt; submit report
Virtual User: BrowserUser_Create_report
SLA Profile: DefaultSLA
SLA Type: Per Time Interval
Alert Type: Average Response Time
Project: Sample_Project
Scenario: WANImpact Local

Alert description: 

if the
	 Average Response Time &gt;= 4.0
then
	 fail

Results: 

Average Response Time = 9.677

Created 2024-08-21 16:00:49 </failure>
      </testcase>
   </testsuite>
</testsuites>
